<?xml version="1.0" encoding="UTF-8"?>
<testsuite xmlns:xsi="http://www.w3.org/2001/XMLSchema-instance" xsi:noNamespaceSchemaLocation="https://maven.apache.org/surefire/maven-surefire-plugin/xsd/surefire-test-report.xsd" name="com.cn.cloud.service.admin.test.service.AdminServiceTest" time="40.7" tests="2" errors="0" skipped="0" failures="0">
  <properties>
[...]
</properties>
  <testcase name="register" classname="com.cn.cloud.service.admin.test.service.AdminServiceTest" time="1.853"/>
  <testcase name="login" classname="com.cn.cloud.service.admin.test.service.AdminServiceTest" time="0.317"/>
</testsuite>